<!DOCTYPE html PUBLIC "-//W3C//DTD XHTML 1.1//EN" "http://www.w3.org/TR/xhtml11/DTD/xhtml11.dtd">
<html xmlns="http://www.w3.org/1999/xhtml"><head><title>TestNG Report</title><style type="text/css">table {margin-bottom:10px;border-collapse:collapse;empty-cells:show}th,td {border:1px solid #009;padding:.25em .5em}th {vertical-align:bottom}td {vertical-align:top}table a {font-weight:bold}.stripe td {background-color: #E6EBF9}.num {text-align:right}.passedodd td {background-color: #3F3}.passedeven td {background-color: #0A0}.skippedodd td {background-color: #DDD}.skippedeven td {background-color: #CCC}.failedodd td,.attn {background-color: #F33}.failedeven td,.stripe .attn {background-color: #D00}.stacktrace {white-space:pre;font-family:monospace}.totop {font-size:85%;text-align:center;border-bottom:2px solid #000}</style></head><body><table><tr><th>Test</th><th># Passed</th><th># Skipped</th><th># Failed</th><th>Time (ms)</th><th>Included Groups</th><th>Excluded Groups</th></tr><tr><th colspan="7">Command line suite</th></tr><tr><td><a href="#t0">Command line test</a></td><td class="num">9</td><td class="num">0</td><td class="num attn">3</td><td class="num">245,721</td><td></td><td></td></tr></table><table><thead><tr><th>Class</th><th>Method</th><th>Start</th><th>Time (ms)</th></tr></thead><tbody><tr><th colspan="4">Command line suite</th></tr></tbody><tbody id="t0"><tr><th colspan="4">Command line test &#8212; failed</th></tr><tr class="failedeven"><td rowspan="3">com.crm.qa.testcases.ContactsPageTest</td><td><a href="#m0">validateCreateNewContactTest</a></td><td rowspan="3">1565989058137</td><td rowspan="3">108</td></tr><tr class="failedeven"><td><a href="#m1">validateCreateNewContactTest</a></td></tr><tr class="failedeven"><td><a href="#m2">validateCreateNewContactTest</a></td></tr><tr><th colspan="4">Command line test &#8212; passed</th></tr><tr class="passedeven"><td rowspan="3">com.crm.qa.testcases.ContactsPageTest</td><td><a href="#m3">selectMultipleContactsTest</a></td><td rowspan="1">1565989003137</td><td rowspan="1">264</td></tr><tr class="passedeven"><td><a href="#m4">selectSingleContactsTest</a></td><td rowspan="1">1565988954834</td><td rowspan="1">170</td></tr><tr class="passedeven"><td><a href="#m5">verifyContactsPageLabelTest</a></td><td rowspan="1">1565988880826</td><td rowspan="1">67</td></tr><tr class="passedodd"><td rowspan="3">com.crm.qa.testcases.HomePageTest</td><td><a href="#m6">verifyContactsLinkTest</a></td><td rowspan="1">1565989021767</td><td rowspan="1">945</td></tr><tr class="passedodd"><td><a href="#m7">verifyHomePageTitleTest</a></td><td rowspan="1">1565988914555</td><td rowspan="1">10</td></tr><tr class="passedodd"><td><a href="#m8">verifyUsernameDisplayed</a></td><td rowspan="1">1565988972897</td><td rowspan="1">151</td></tr><tr class="passedeven"><td rowspan="3">com.crm.qa.testcases.LoginPageTest</td><td><a href="#m9">crmLogoTest</a></td><td rowspan="1">1565988983721</td><td rowspan="1">89</td></tr><tr class="passedeven"><td><a href="#m10">loginPageTitleTest</a></td><td rowspan="1">1565988929509</td><td rowspan="1">17</td></tr><tr class="passedeven"><td><a href="#m11">loginTest</a></td><td rowspan="1">1565989032390</td><td rowspan="1">6806</td></tr></tbody></table><h2>Command line test</h2><h3 id="m0">com.crm.qa.testcases.ContactsPageTest#validateCreateNewContactTest</h3><table class="result"><tr class="param"><th>Parameter #1</th><th>Parameter #2</th><th>Parameter #3</th><th>Parameter #4</th></tr><tr class="param stripe"><td>Mr.</td><td>amandeep</td><td>chhina</td><td>amazon</td></tr><tr><th colspan="4">Exception</th></tr><tr><td colspan="4"><div class="stacktrace">org.openqa.selenium.UnsupportedCommandException: mouseMoveTo
Build info: version: &apos;3.4.0&apos;, revision: &apos;unknown&apos;, time: &apos;unknown&apos;
System info: host: &apos;LAPTOP-OHLH8S6H&apos;, ip: &apos;192.168.1.6&apos;, os.name: &apos;Windows 10&apos;, os.arch: &apos;amd64&apos;, os.version: &apos;10.0&apos;, java.version: &apos;1.8.0_211&apos;
Driver info: driver.version: RemoteWebDriver
	at org.openqa.selenium.remote.http.AbstractHttpCommandCodec.encode(AbstractHttpCommandCodec.java:220)
	at org.openqa.selenium.remote.http.AbstractHttpCommandCodec.encode(AbstractHttpCommandCodec.java:118)
	at org.openqa.selenium.remote.HttpCommandExecutor.execute(HttpCommandExecutor.java:158)
	at org.openqa.selenium.remote.service.DriverCommandExecutor.execute(DriverCommandExecutor.java:82)
	at org.openqa.selenium.remote.RemoteWebDriver.execute(RemoteWebDriver.java:637)
	at org.openqa.selenium.remote.RemoteExecuteMethod.execute(RemoteExecuteMethod.java:35)
	at org.openqa.selenium.remote.RemoteMouse.mouseMove(RemoteMouse.java:89)
	at org.openqa.selenium.support.events.internal.EventFiringMouse.mouseMove(EventFiringMouse.java:58)
	at org.openqa.selenium.interactions.MoveMouseAction.perform(MoveMouseAction.java:43)
	at org.openqa.selenium.interactions.CompositeAction.perform(CompositeAction.java:36)
	at org.openqa.selenium.interactions.Actions$BuiltAction.perform(Actions.java:634)
	at com.crm.qa.pages.HomePage.clickOnNewContact(HomePage.java:60)
	at com.crm.qa.testcases.ContactsPageTest.validateCreateNewContactTest(ContactsPageTest.java:59)
... Removed 34 stack frames</div></td></tr></table><p class="totop"><a href="#summary">back to summary</a></p><h3 id="m1">com.crm.qa.testcases.ContactsPageTest#validateCreateNewContactTest</h3><table class="result"><tr class="param"><th>Parameter #1</th><th>Parameter #2</th><th>Parameter #3</th><th>Parameter #4</th></tr><tr class="param stripe"><td>Mr.</td><td>harpreet</td><td>chhina</td><td>google</td></tr><tr><th colspan="4">Exception</th></tr><tr><td colspan="4"><div class="stacktrace">org.openqa.selenium.UnsupportedCommandException: mouseMoveTo
Build info: version: &apos;3.4.0&apos;, revision: &apos;unknown&apos;, time: &apos;unknown&apos;
System info: host: &apos;LAPTOP-OHLH8S6H&apos;, ip: &apos;192.168.1.6&apos;, os.name: &apos;Windows 10&apos;, os.arch: &apos;amd64&apos;, os.version: &apos;10.0&apos;, java.version: &apos;1.8.0_211&apos;
Driver info: driver.version: RemoteWebDriver
	at org.openqa.selenium.remote.http.AbstractHttpCommandCodec.encode(AbstractHttpCommandCodec.java:220)
	at org.openqa.selenium.remote.http.AbstractHttpCommandCodec.encode(AbstractHttpCommandCodec.java:118)
	at org.openqa.selenium.remote.HttpCommandExecutor.execute(HttpCommandExecutor.java:158)
	at org.openqa.selenium.remote.service.DriverCommandExecutor.execute(DriverCommandExecutor.java:82)
	at org.openqa.selenium.remote.RemoteWebDriver.execute(RemoteWebDriver.java:637)
	at org.openqa.selenium.remote.RemoteExecuteMethod.execute(RemoteExecuteMethod.java:35)
	at org.openqa.selenium.remote.RemoteMouse.mouseMove(RemoteMouse.java:89)
	at org.openqa.selenium.support.events.internal.EventFiringMouse.mouseMove(EventFiringMouse.java:58)
	at org.openqa.selenium.interactions.MoveMouseAction.perform(MoveMouseAction.java:43)
	at org.openqa.selenium.interactions.CompositeAction.perform(CompositeAction.java:36)
	at org.openqa.selenium.interactions.Actions$BuiltAction.perform(Actions.java:634)
	at com.crm.qa.pages.HomePage.clickOnNewContact(HomePage.java:60)
	at com.crm.qa.testcases.ContactsPageTest.validateCreateNewContactTest(ContactsPageTest.java:59)
... Removed 34 stack frames</div></td></tr></table><p class="totop"><a href="#summary">back to summary</a></p><h3 id="m2">com.crm.qa.testcases.ContactsPageTest#validateCreateNewContactTest</h3><table class="result"><tr class="param"><th>Parameter #1</th><th>Parameter #2</th><th>Parameter #3</th><th>Parameter #4</th></tr><tr class="param stripe"><td>Miss</td><td>kuljit</td><td>chhina</td><td>ebay</td></tr><tr><th colspan="4">Exception</th></tr><tr><td colspan="4"><div class="stacktrace">org.openqa.selenium.UnsupportedCommandException: mouseMoveTo
Build info: version: &apos;3.4.0&apos;, revision: &apos;unknown&apos;, time: &apos;unknown&apos;
System info: host: &apos;LAPTOP-OHLH8S6H&apos;, ip: &apos;192.168.1.6&apos;, os.name: &apos;Windows 10&apos;, os.arch: &apos;amd64&apos;, os.version: &apos;10.0&apos;, java.version: &apos;1.8.0_211&apos;
Driver info: driver.version: RemoteWebDriver
	at org.openqa.selenium.remote.http.AbstractHttpCommandCodec.encode(AbstractHttpCommandCodec.java:220)
	at org.openqa.selenium.remote.http.AbstractHttpCommandCodec.encode(AbstractHttpCommandCodec.java:118)
	at org.openqa.selenium.remote.HttpCommandExecutor.execute(HttpCommandExecutor.java:158)
	at org.openqa.selenium.remote.service.DriverCommandExecutor.execute(DriverCommandExecutor.java:82)
	at org.openqa.selenium.remote.RemoteWebDriver.execute(RemoteWebDriver.java:637)
	at org.openqa.selenium.remote.RemoteExecuteMethod.execute(RemoteExecuteMethod.java:35)
	at org.openqa.selenium.remote.RemoteMouse.mouseMove(RemoteMouse.java:89)
	at org.openqa.selenium.support.events.internal.EventFiringMouse.mouseMove(EventFiringMouse.java:58)
	at org.openqa.selenium.interactions.MoveMouseAction.perform(MoveMouseAction.java:43)
	at org.openqa.selenium.interactions.CompositeAction.perform(CompositeAction.java:36)
	at org.openqa.selenium.interactions.Actions$BuiltAction.perform(Actions.java:634)
	at com.crm.qa.pages.HomePage.clickOnNewContact(HomePage.java:60)
	at com.crm.qa.testcases.ContactsPageTest.validateCreateNewContactTest(ContactsPageTest.java:59)
... Removed 34 stack frames</div></td></tr></table><p class="totop"><a href="#summary">back to summary</a></p><h3 id="m3">com.crm.qa.testcases.ContactsPageTest#selectMultipleContactsTest</h3><table class="result"></table><p class="totop"><a href="#summary">back to summary</a></p><h3 id="m4">com.crm.qa.testcases.ContactsPageTest#selectSingleContactsTest</h3><table class="result"></table><p class="totop"><a href="#summary">back to summary</a></p><h3 id="m5">com.crm.qa.testcases.ContactsPageTest#verifyContactsPageLabelTest</h3><table class="result"></table><p class="totop"><a href="#summary">back to summary</a></p><h3 id="m6">com.crm.qa.testcases.HomePageTest#verifyContactsLinkTest</h3><table class="result"></table><p class="totop"><a href="#summary">back to summary</a></p><h3 id="m7">com.crm.qa.testcases.HomePageTest#verifyHomePageTitleTest</h3><table class="result"></table><p class="totop"><a href="#summary">back to summary</a></p><h3 id="m8">com.crm.qa.testcases.HomePageTest#verifyUsernameDisplayed</h3><table class="result"></table><p class="totop"><a href="#summary">back to summary</a></p><h3 id="m9">com.crm.qa.testcases.LoginPageTest#crmLogoTest</h3><table class="result"></table><p class="totop"><a href="#summary">back to summary</a></p><h3 id="m10">com.crm.qa.testcases.LoginPageTest#loginPageTitleTest</h3><table class="result"></table><p class="totop"><a href="#summary">back to summary</a></p><h3 id="m11">com.crm.qa.testcases.LoginPageTest#loginTest</h3><table class="result"></table><p class="totop"><a href="#summary">back to summary</a></p></body></html>